<?xml version="1.0" encoding="UTF-8"?>
<testng-results ignored="0" total="1" passed="1" failed="0" skipped="0">
  <reporter-output>
  </reporter-output>
  <suite started-at="2026-04-11T13:07:01 IST" name="Default suite" finished-at="2026-04-11T13:07:30 IST" duration-ms="29243">
    <groups>
    </groups>
    <test started-at="2026-04-11T13:07:01 IST" name="Default test" finished-at="2026-04-11T13:07:30 IST" duration-ms="29243">
      <class name="testCases.TC_Beta">
        <test-method is-config="true" signature="setup()[pri:0, instance:testCases.TC_Beta@2072acb2]" started-at="2026-04-11T13:07:01 IST" name="setup" finished-at="2026-04-11T13:07:25 IST" duration-ms="24434" status="PASS">
          <reporter-output>
          </reporter-output>
        </test-method> <!-- setup -->
        <test-method signature="TCstart()[pri:0, instance:testCases.TC_Beta@2072acb2]" started-at="2026-04-11T13:07:25 IST" name="TCstart" finished-at="2026-04-11T13:07:30 IST" duration-ms="4623" status="PASS">
          <reporter-output>
          </reporter-output>
        </test-method> <!-- TCstart -->
        <test-method is-config="true" signature="teardown()[pri:0, instance:testCases.TC_Beta@2072acb2]" started-at="2026-04-11T13:07:30 IST" name="teardown" finished-at="2026-04-11T13:07:30 IST" duration-ms="1" status="PASS">
          <reporter-output>
          </reporter-output>
        </test-method> <!-- teardown -->
      </class> <!-- testCases.TC_Beta -->
    </test> <!-- Default test -->
  </suite> <!-- Default suite -->
</testng-results>
