<?xml version="1.0" encoding="UTF-8"?>
<testng-results ignored="0" total="1" passed="1" failed="0" skipped="0">
  <reporter-output>
  </reporter-output>
  <suite started-at="2026-04-05T13:26:23 IST" name="Default suite" finished-at="2026-04-05T13:26:34 IST" duration-ms="10941">
    <groups>
    </groups>
    <test started-at="2026-04-05T13:26:23 IST" name="Default test" finished-at="2026-04-05T13:26:34 IST" duration-ms="10941">
      <class name="testCases.TC_Beta">
        <test-method is-config="true" signature="setup()[pri:0, instance:testCases.TC_Beta@acdb094]" started-at="2026-04-05T13:26:23 IST" name="setup" finished-at="2026-04-05T13:26:30 IST" duration-ms="7328" status="PASS">
          <reporter-output>
          </reporter-output>
        </test-method> <!-- setup -->
        <test-method signature="TCstart()[pri:0, instance:testCases.TC_Beta@acdb094]" started-at="2026-04-05T13:26:30 IST" name="TCstart" finished-at="2026-04-05T13:26:34 IST" duration-ms="3515" status="PASS">
          <reporter-output>
          </reporter-output>
        </test-method> <!-- TCstart -->
      </class> <!-- testCases.TC_Beta -->
    </test> <!-- Default test -->
  </suite> <!-- Default suite -->
</testng-results>
