<?xml version="1.0" encoding="UTF-8"?>
<!-- Generated by org.testng.reporters.JUnitXMLReporter -->
<testsuite ignored="0" hostname="DESKTOP-0P2I782" failures="0" tests="1" name="firefoxtest" time="0.152" errors="0" timestamp="2025-12-28T22:23:27 IST">
  <testcase classname="taseBase.BaseClass" name="@BeforeTest setupURL" time="0.043">
    <failure type="java.lang.NullPointerException" message="Cannot invoke &amp;quot;org.openqa.selenium.WebDriver.get(String)&amp;quot; because &amp;quot;this.driver&amp;quot; is null">
      <![CDATA[java.lang.NullPointerException: Cannot invoke "org.openqa.selenium.WebDriver.get(String)" because "this.driver" is null
at taseBase.BaseClass.setupURL(BaseClass.java:33)
at java.base/java.util.concurrent.FutureTask.run(FutureTask.java:328)
at java.base/java.util.concurrent.ThreadPoolExecutor.runWorker(ThreadPoolExecutor.java:1090)
at java.base/java.util.concurrent.ThreadPoolExecutor$Worker.run(ThreadPoolExecutor.java:614)
at java.base/java.lang.Thread.run(Thread.java:1474)
... Removed 12 stack frames]]>
    </failure>
  </testcase> <!-- @BeforeTest setupURL -->
  <testcase classname="taseBase.BaseClass" name="@AfterTest Teardown" time="0.0">
    <skipped/>
  </testcase> <!-- @AfterTest Teardown -->
  <testcase classname="testCases.Cart_TC_001" name="ActualTc" time="0.001">
    <skipped/>
  </testcase> <!-- ActualTc -->
</testsuite> <!-- firefoxtest -->
