<?xml version="1.0" encoding="UTF-8"?>
<!-- Generated by org.testng.reporters.JUnitXMLReporter -->
<testsuite ignored="0" hostname="DESKTOP-0P2I782" failures="0" tests="1" name="Test" time="0.13" errors="0" timestamp="2025-12-28T22:21:25 IST">
  <testcase classname="taseBase.BaseClass" name="@BeforeTest setupURL" time="-1.766940685583E9">
    <failure type="org.testng.TestNGException" message="
Parameter &amp;apos;os&amp;apos; is required by BeforeTest on method setupURL but has not been marked @Optional or defined
in C:\Users\DELL\eclipse-workspace\project_cart_001\testng.xml">
      <![CDATA[org.testng.TestNGException: 
Parameter 'os' is required by BeforeTest on method setupURL but has not been marked @Optional or defined
in C:\Users\DELL\eclipse-workspace\project_cart_001\testng.xml
... Removed 21 stack frames]]>
    </failure>
  </testcase> <!-- @BeforeTest setupURL -->
  <testcase classname="taseBase.BaseClass" name="@AfterTest Teardown" time="0.0">
    <skipped/>
  </testcase> <!-- @AfterTest Teardown -->
  <testcase classname="testCases.Cart_TC_001" name="ActualTc" time="0.0">
    <skipped/>
  </testcase> <!-- ActualTc -->
</testsuite> <!-- Test -->
