<?xml version="1.0" encoding="UTF-8"?>
<!-- Generated by org.testng.reporters.JUnitXMLReporter -->
<testsuite ignored="0" hostname="DESKTOP-0P2I782" failures="1" tests="5" name="Test" time="74.741" errors="0" timestamp="2026-04-28T17:08:33 IST">
  <testcase classname="testCases.TC_D_D_T" name="verify_loginDDT" time="13.387">
    <failure type="java.lang.AssertionError" message="expected [true] but found [false]">
      <![CDATA[java.lang.AssertionError: expected [true] but found [false]
at testCases.TC_D_D_T.verify_loginDDT(TC_D_D_T.java:47)
at java.base/java.util.ArrayList.forEach(ArrayList.java:1511)
... Removed 31 stack frames]]>
    </failure>
  </testcase> <!-- verify_loginDDT -->
  <testcase classname="testCases.TC_D_D_T" name="verify_loginDDT" time="12.098"/>
  <testcase classname="testCases.TC_D_D_T" name="verify_loginDDT" time="12.156"/>
  <testcase classname="testCases.TC_D_D_T" name="verify_loginDDT" time="12.895"/>
  <testcase classname="testCases.TC_D_D_T" name="verify_loginDDT" time="2.362"/>
</testsuite> <!-- Test -->
