<?xml version="1.0" encoding="UTF-8"?>
<testng-results ignored="0" total="1" passed="1" failed="0" skipped="0">
  <reporter-output>
  </reporter-output>
  <suite started-at="2025-12-28T23:17:09 IST" name="Suite" finished-at="2025-12-28T23:17:28 IST" duration-ms="19473">
    <groups>
    </groups>
    <test started-at="2025-12-28T23:17:09 IST" name="Master" finished-at="2025-12-28T23:17:28 IST" duration-ms="19473">
      <class name="testCases.Cart_TC_001">
        <test-method is-config="true" signature="setupURL(java.lang.String,java.lang.String)[pri:0, instance:testCases.Cart_TC_001@47a86fbb]" started-at="2025-12-28T23:17:09 IST" name="setupURL" finished-at="2025-12-28T23:17:17 IST" duration-ms="8392" status="PASS">
          <params>
            <param index="0">
              <value>
                <![CDATA[Windows]]>
              </value>
            </param>
            <param index="1">
              <value>
                <![CDATA[chrome]]>
              </value>
            </param>
          </params>
          <reporter-output>
          </reporter-output>
        </test-method> <!-- setupURL -->
        <test-method signature="ActualTc()[pri:0, instance:testCases.Cart_TC_001@47a86fbb]" started-at="2025-12-28T23:17:17 IST" name="ActualTc" finished-at="2025-12-28T23:17:28 IST" duration-ms="10328" status="PASS">
          <reporter-output>
          </reporter-output>
        </test-method> <!-- ActualTc -->
        <test-method is-config="true" signature="Teardown()[pri:0, instance:testCases.Cart_TC_001@47a86fbb]" started-at="2025-12-28T23:17:28 IST" name="Teardown" finished-at="2025-12-28T23:17:28 IST" duration-ms="675" status="PASS">
          <reporter-output>
          </reporter-output>
        </test-method> <!-- Teardown -->
      </class> <!-- testCases.Cart_TC_001 -->
    </test> <!-- Master -->
  </suite> <!-- Suite -->
</testng-results>
