<?xml version="1.0" encoding="UTF-8"?>
<testng-results ignored="0" total="1" passed="1" failed="0" skipped="0">
  <reporter-output>
  </reporter-output>
  <suite started-at="2025-12-25T20:16:41 IST" name="Default suite" finished-at="2025-12-25T20:16:55 IST" duration-ms="14415">
    <groups>
    </groups>
    <test started-at="2025-12-25T20:16:41 IST" name="Default test" finished-at="2025-12-25T20:16:55 IST" duration-ms="14415">
      <class name="testCases.TC001">
        <test-method is-config="true" signature="setup()[pri:0, instance:testCases.TC001@1fa268de]" started-at="2025-12-25T20:16:41 IST" name="setup" finished-at="2025-12-25T20:16:54 IST" duration-ms="13096" status="PASS">
          <reporter-output>
          </reporter-output>
        </test-method> <!-- setup -->
        <test-method signature="Tcstart()[pri:0, instance:testCases.TC001@1fa268de]" started-at="2025-12-25T20:16:54 IST" name="Tcstart" finished-at="2025-12-25T20:16:55 IST" duration-ms="1227" status="PASS">
          <reporter-output>
          </reporter-output>
        </test-method> <!-- Tcstart -->
        <test-method is-config="true" signature="teardown()[pri:0, instance:testCases.TC001@1fa268de]" started-at="2025-12-25T20:16:55 IST" name="teardown" finished-at="2025-12-25T20:16:55 IST" duration-ms="10" status="PASS">
          <reporter-output>
          </reporter-output>
        </test-method> <!-- teardown -->
      </class> <!-- testCases.TC001 -->
    </test> <!-- Default test -->
  </suite> <!-- Default suite -->
</testng-results>
